# JRE version: OpenJDK Runtime Environment (8.0_162-b12) (build 1.8.0_162-8u162-b12-0ubuntu0.16.04.2-b12)
# Java VM: OpenJDK 64-Bit Server VM (25.162-b12 mixed mode linux-amd64 compressed oops)
Heap:
 PSYoungGen      total 801792K, used 31712K [0x00000006c6180000, 0x00000006f8f80000, 0x00000007c0000000)
  eden space 770048K, 0% used [0x00000006c6180000,0x00000006c6180000,0x00000006f5180000)
  from space 31744K, 99% used [0x00000006f5180000,0x00000006f7078010,0x00000006f7080000)
  to   space 31744K, 0% used [0x00000006f7080000,0x00000006f7080000,0x00000006f8f80000)
 ParOldGen       total 512000K, used 371980K [0x00000004d2400000, 0x00000004f1800000, 0x00000006c6180000)
  object space 512000K, 72% used [0x00000004d2400000,0x00000004e8f43070,0x00000004f1800000)
 Metaspace       used 3538K, capacity 4606K, committed 4864K, reserved 1056768K
  class space    used 397K, capacity 430K, committed 512K, reserved 1048576K
GC Heap History (9 events):
Event: 1.057 GC heap before
{Heap before GC invocations=1 (full 0):
 PSYoungGen      total 224256K, used 192512K [0x00000006c6180000, 0x00000006d5b80000, 0x00000007c0000000)
  eden space 192512K, 100% used [0x00000006c6180000,0x00000006d1d80000,0x00000006d1d80000)
  from space 31744K, 0% used [0x00000006d3c80000,0x00000006d3c80000,0x00000006d5b80000)
  to   space 31744K, 0% used [0x00000006d1d80000,0x00000006d1d80000,0x00000006d3c80000)
 ParOldGen       total 512000K, used 0K [0x00000004d2400000, 0x00000004f1800000, 0x00000006c6180000)
  object space 512000K, 0% used [0x00000004d2400000,0x00000004d2400000,0x00000004f1800000)
 Metaspace       used 3538K, capacity 4606K, committed 4864K, reserved 1056768K
  class space    used 397K, capacity 430K, committed 512K, reserved 1048576K
Event: 1.171 GC heap after
Heap after GC invocations=1 (full 0):
 PSYoungGen      total 224256K, used 31728K [0x00000006c6180000, 0x00000006e1780000, 0x00000007c0000000)
  eden space 192512K, 0% used [0x00000006c6180000,0x00000006c6180000,0x00000006d1d80000)
  from space 31744K, 99% used [0x00000006d1d80000,0x00000006d3c7c020,0x00000006d3c80000)
  to   space 31744K, 0% used [0x00000006df880000,0x00000006df880000,0x00000006e1780000)
 ParOldGen       total 512000K, used 23904K [0x00000004d2400000, 0x00000004f1800000, 0x00000006c6180000)
  object space 512000K, 4% used [0x00000004d2400000,0x00000004d3b58000,0x00000004f1800000)
 Metaspace       used 3538K, capacity 4606K, committed 4864K, reserved 1056768K
  class space    used 397K, capacity 430K, committed 512K, reserved 1048576K
}
Event: 1.791 GC heap before
{Heap before GC invocations=2 (full 0):
 PSYoungGen      total 224256K, used 224240K [0x00000006c6180000, 0x00000006e1780000, 0x00000007c0000000)
  eden space 192512K, 100% used [0x00000006c6180000,0x00000006d1d80000,0x00000006d1d80000)
  from space 31744K, 99% used [0x00000006d1d80000,0x00000006d3c7c020,0x00000006d3c80000)
  to   space 31744K, 0% used [0x00000006df880000,0x00000006df880000,0x00000006e1780000)
 ParOldGen       total 512000K, used 23904K [0x00000004d2400000, 0x00000004f1800000, 0x00000006c6180000)
  object space 512000K, 4% used [0x00000004d2400000,0x00000004d3b58000,0x00000004f1800000)
 Metaspace       used 3538K, capacity 4606K, committed 4864K, reserved 1056768K
  class space    used 397K, capacity 430K, committed 512K, reserved 1048576K
Event: 1.934 GC heap after
Heap after GC invocations=2 (full 0):
 PSYoungGen      total 416768K, used 31712K [0x00000006c6180000, 0x00000006e1780000, 0x00000007c0000000)
  eden space 385024K, 0% used [0x00000006c6180000,0x00000006c6180000,0x00000006dd980000)
  from space 31744K, 99% used [0x00000006df880000,0x00000006e1778010,0x00000006e1780000)
  to   space 31744K, 0% used [0x00000006dd980000,0x00000006dd980000,0x00000006df880000)
 ParOldGen       total 512000K, used 79672K [0x00000004d2400000, 0x00000004f1800000, 0x00000006c6180000)
  object space 512000K, 15% used [0x00000004d2400000,0x00000004d71ce000,0x00000004f1800000)
 Metaspace       used 3538K, capacity 4606K, committed 4864K, reserved 1056768K
  class space    used 397K, capacity 430K, committed 512K, reserved 1048576K
}
Event: 2.918 GC heap before
{Heap before GC invocations=3 (full 0):
 PSYoungGen      total 416768K, used 416736K [0x00000006c6180000, 0x00000006e1780000, 0x00000007c0000000)
  eden space 385024K, 100% used [0x00000006c6180000,0x00000006dd980000,0x00000006dd980000)
  from space 31744K, 99% used [0x00000006df880000,0x00000006e1778010,0x00000006e1780000)
  to   space 31744K, 0% used [0x00000006dd980000,0x00000006dd980000,0x00000006df880000)
 ParOldGen       total 512000K, used 79672K [0x00000004d2400000, 0x00000004f1800000, 0x00000006c6180000)
  object space 512000K, 15% used [0x00000004d2400000,0x00000004d71ce000,0x00000004f1800000)
 Metaspace       used 3538K, capacity 4606K, committed 4864K, reserved 1056768K
  class space    used 397K, capacity 430K, committed 512K, reserved 1048576K
Event: 3.136 GC heap after
Heap after GC invocations=3 (full 0):
 PSYoungGen      total 416768K, used 31712K [0x00000006c6180000, 0x00000006f8f80000, 0x00000007c0000000)
  eden space 385024K, 0% used [0x00000006c6180000,0x00000006c6180000,0x00000006dd980000)
  from space 31744K, 99% used [0x00000006dd980000,0x00000006df878010,0x00000006df880000)
  to   space 31744K, 0% used [0x00000006f7080000,0x00000006f7080000,0x00000006f8f80000)
 ParOldGen       total 512000K, used 184808K [0x00000004d2400000, 0x00000004f1800000, 0x00000006c6180000)
  object space 512000K, 36% used [0x00000004d2400000,0x00000004dd87a000,0x00000004f1800000)
 Metaspace       used 3538K, capacity 4606K, committed 4864K, reserved 1056768K
  class space    used 397K, capacity 430K, committed 512K, reserved 1048576K
}
Event: 4.121 GC heap before
{Heap before GC invocations=4 (full 0):
 PSYoungGen      total 416768K, used 416736K [0x00000006c6180000, 0x00000006f8f80000, 0x00000007c0000000)
  eden space 385024K, 100% used [0x00000006c6180000,0x00000006dd980000,0x00000006dd980000)
  from space 31744K, 99% used [0x00000006dd980000,0x00000006df878010,0x00000006df880000)
  to   space 31744K, 0% used [0x00000006f7080000,0x00000006f7080000,0x00000006f8f80000)
 ParOldGen       total 512000K, used 184808K [0x00000004d2400000, 0x00000004f1800000, 0x00000006c6180000)
  object space 512000K, 36% used [0x00000004d2400000,0x00000004dd87a000,0x00000004f1800000)
 Metaspace       used 3538K, capacity 4606K, committed 4864K, reserved 1056768K
  class space    used 397K, capacity 430K, committed 512K, reserved 1048576K
Event: 4.342 GC heap after
Heap after GC invocations=4 (full 0):
 PSYoungGen      total 801792K, used 31712K [0x00000006c6180000, 0x00000006f8f80000, 0x00000007c0000000)
  eden space 770048K, 0% used [0x00000006c6180000,0x00000006c6180000,0x00000006f5180000)
  from space 31744K, 99% used [0x00000006f7080000,0x00000006f8f78030,0x00000006f8f80000)
  to   space 31744K, 0% used [0x00000006f5180000,0x00000006f5180000,0x00000006f7080000)
 ParOldGen       total 512000K, used 272744K [0x00000004d2400000, 0x00000004f1800000, 0x00000006c6180000)
  object space 512000K, 53% used [0x00000004d2400000,0x00000004e2e5a000,0x00000004f1800000)
 Metaspace       used 3538K, capacity 4606K, committed 4864K, reserved 1056768K
  class space    used 397K, capacity 430K, committed 512K, reserved 1048576K
}
Event: 6.237 GC heap before
{Heap before GC invocations=5 (full 0):
 PSYoungGen      total 801792K, used 801760K [0x00000006c6180000, 0x00000006f8f80000, 0x00000007c0000000)
  eden space 770048K, 100% used [0x00000006c6180000,0x00000006f5180000,0x00000006f5180000)
  from space 31744K, 99% used [0x00000006f7080000,0x00000006f8f78030,0x00000006f8f80000)
  to   space 31744K, 0% used [0x00000006f5180000,0x00000006f5180000,0x00000006f7080000)
 ParOldGen       total 512000K, used 272744K [0x00000004d2400000, 0x00000004f1800000, 0x00000006c6180000)
  object space 512000K, 53% used [0x00000004d2400000,0x00000004e2e5a000,0x00000004f1800000)
 Metaspace       used 3538K, capacity 4606K, committed 4864K, reserved 1056768K
  class space    used 397K, capacity 430K, committed 512K, reserved 1048576K

